2019-08-20 15:37:37.035 restartedMain DEBUG  c.e.j.s.SqlOnlineJudgeApplication Running with Spring Boot v2.1.5.RELEASE, Spring v5.1.7.RELEASE
2019-08-20 15:40:28.729 restartedMain DEBUG  c.e.j.s.SqlOnlineJudgeApplication Running with Spring Boot v2.1.5.RELEASE, Spring v5.1.7.RELEASE
2019-08-20 15:41:39.524 restartedMain DEBUG  c.e.j.s.SqlOnlineJudgeApplication Running with Spring Boot v2.1.5.RELEASE, Spring v5.1.7.RELEASE
2019-08-20 15:41:44.724 restartedMain DEBUG  c.e.j.sqlonlinejudge.config.ShiroConfig ShiroConfig------------------>shiroFilter()
2019-08-20 15:47:59.701 restartedMain DEBUG  c.e.j.s.SqlOnlineJudgeApplication Running with Spring Boot v2.1.5.RELEASE, Spring v5.1.7.RELEASE
2019-08-20 15:48:04.615 restartedMain DEBUG  c.e.j.sqlonlinejudge.config.ShiroConfig ShiroConfig------------------>shiroFilter()
2019-08-20 15:48:14.246 http-nio-8080-exec-1 DEBUG  c.e.jmu.sqlonlinejudge.filter.JwtFilter token为空
2019-08-20 15:51:34.870 http-nio-8080-exec-5 DEBUG  c.e.jmu.sqlonlinejudge.filter.JwtFilter token为空
2019-08-20 15:52:07.675 http-nio-8080-exec-6 DEBUG  c.e.jmu.sqlonlinejudge.filter.JwtFilter token为空
2019-08-20 15:53:07.551 restartedMain DEBUG  c.e.j.s.SqlOnlineJudgeApplication Running with Spring Boot v2.1.5.RELEASE, Spring v5.1.7.RELEASE
2019-08-20 15:53:12.703 restartedMain DEBUG  c.e.j.sqlonlinejudge.config.ShiroConfig ShiroConfig------------------>shiroFilter()
2019-08-20 15:53:20.176 http-nio-8080-exec-1 DEBUG  c.e.jmu.sqlonlinejudge.filter.JwtFilter token为空
2019-08-20 15:53:28.948 http-nio-8080-exec-1 DEBUG  c.e.j.s.c.c.UserModularRealmAuthenticator UserModularRealmAuthenticator----------->doAuthenticate
2019-08-20 15:53:28.948 http-nio-8080-exec-1 DEBUG  c.e.j.s.config.user.UserRealm UserRealm---------------->doGetAuthenticationInfo
2019-08-20 15:53:29.081 http-nio-8080-exec-1 DEBUG  c.e.j.s.mapper.UserMapper.selectOne ==>  Preparing: SELECT id,username,nickname,password,salt,email,submit,solved,avatar,status FROM sys_user WHERE username = ? 
2019-08-20 15:53:29.108 http-nio-8080-exec-1 DEBUG  c.e.j.s.mapper.UserMapper.selectOne ==> Parameters: 1(String)
2019-08-20 15:53:40.246 http-nio-8080-exec-2 DEBUG  c.e.jmu.sqlonlinejudge.filter.JwtFilter token为空
2019-08-20 15:53:44.501 http-nio-8080-exec-2 DEBUG  c.e.j.s.c.c.UserModularRealmAuthenticator UserModularRealmAuthenticator----------->doAuthenticate
2019-08-20 15:53:44.501 http-nio-8080-exec-2 DEBUG  c.e.j.s.config.user.UserRealm UserRealm---------------->doGetAuthenticationInfo
2019-08-20 15:53:44.507 http-nio-8080-exec-2 DEBUG  c.e.j.s.mapper.UserMapper.selectOne ==>  Preparing: SELECT id,username,nickname,password,salt,email,submit,solved,avatar,status FROM sys_user WHERE username = ? 
2019-08-20 15:53:44.508 http-nio-8080-exec-2 DEBUG  c.e.j.s.mapper.UserMapper.selectOne ==> Parameters: 1(String)
2019-08-20 15:54:00.489 http-nio-8080-exec-4 DEBUG  c.e.jmu.sqlonlinejudge.filter.JwtFilter token为空
2019-08-20 15:54:00.492 http-nio-8080-exec-4 DEBUG  c.e.j.s.c.c.UserModularRealmAuthenticator UserModularRealmAuthenticator----------->doAuthenticate
2019-08-20 15:54:00.493 http-nio-8080-exec-4 DEBUG  c.e.j.s.config.admin.AdminRealm AdminRealm------------------->doGetAuthenticationInfo
2019-08-20 15:54:00.503 http-nio-8080-exec-4 DEBUG  c.e.j.s.mapper.AdminMapper.selectOne ==>  Preparing: SELECT username,name,password,salt FROM sys_admin WHERE username = ? 
2019-08-20 15:54:00.504 http-nio-8080-exec-4 DEBUG  c.e.j.s.mapper.AdminMapper.selectOne ==> Parameters: 1(String)
2019-08-20 15:54:00.506 http-nio-8080-exec-4 DEBUG  c.e.j.s.mapper.AdminMapper.selectOne <==      Total: 0
2019-08-20 15:54:05.507 http-nio-8080-exec-5 DEBUG  c.e.jmu.sqlonlinejudge.filter.JwtFilter token为空
2019-08-20 15:54:05.513 http-nio-8080-exec-5 DEBUG  c.e.j.s.c.c.UserModularRealmAuthenticator UserModularRealmAuthenticator----------->doAuthenticate
2019-08-20 15:54:05.513 http-nio-8080-exec-5 DEBUG  c.e.j.s.config.admin.AdminRealm AdminRealm------------------->doGetAuthenticationInfo
2019-08-20 15:54:05.519 http-nio-8080-exec-5 DEBUG  c.e.j.s.mapper.AdminMapper.selectOne ==>  Preparing: SELECT username,name,password,salt FROM sys_admin WHERE username = ? 
2019-08-20 15:54:05.520 http-nio-8080-exec-5 DEBUG  c.e.j.s.mapper.AdminMapper.selectOne ==> Parameters: admin(String)
2019-08-20 15:54:05.535 http-nio-8080-exec-5 DEBUG  c.e.j.s.mapper.AdminMapper.selectOne <==      Total: 1
2019-08-20 15:54:25.946 http-nio-8080-exec-6 DEBUG  c.e.jmu.sqlonlinejudge.filter.JwtFilter token为空
2019-08-20 15:54:25.947 http-nio-8080-exec-6 DEBUG  c.e.j.s.c.c.UserModularRealmAuthenticator UserModularRealmAuthenticator----------->doAuthenticate
2019-08-20 15:54:25.947 http-nio-8080-exec-6 DEBUG  c.e.j.s.config.admin.AdminRealm AdminRealm------------------->doGetAuthenticationInfo
2019-08-20 15:54:25.953 http-nio-8080-exec-6 DEBUG  c.e.j.s.mapper.AdminMapper.selectOne ==>  Preparing: SELECT username,name,password,salt FROM sys_admin WHERE username = ? 
2019-08-20 15:54:25.955 http-nio-8080-exec-6 DEBUG  c.e.j.s.mapper.AdminMapper.selectOne ==> Parameters: admin(String)
2019-08-20 15:54:25.960 http-nio-8080-exec-6 DEBUG  c.e.j.s.mapper.AdminMapper.selectOne <==      Total: 1
2019-08-20 15:54:58.263 http-nio-8080-exec-7 DEBUG  c.e.jmu.sqlonlinejudge.filter.JwtFilter token为空
2019-08-20 16:01:41.164 restartedMain DEBUG  c.e.j.s.SqlOnlineJudgeApplication Running with Spring Boot v2.1.5.RELEASE, Spring v5.1.7.RELEASE
2019-08-20 16:01:45.280 restartedMain DEBUG  c.e.j.sqlonlinejudge.config.ShiroConfig ShiroConfig------------------>shiroFilter()
2019-08-20 16:01:58.248 http-nio-8080-exec-1 DEBUG  c.e.jmu.sqlonlinejudge.filter.JwtFilter token为空
2019-08-20 16:02:07.155 http-nio-8080-exec-3 DEBUG  c.e.jmu.sqlonlinejudge.filter.JwtFilter token为空
2019-08-20 16:02:07.210 http-nio-8080-exec-3 DEBUG  c.e.j.s.c.c.UserModularRealmAuthenticator UserModularRealmAuthenticator----------->doAuthenticate
2019-08-20 16:02:07.211 http-nio-8080-exec-3 DEBUG  c.e.j.s.config.user.UserRealm UserRealm---------------->doGetAuthenticationInfo
2019-08-20 16:02:07.303 http-nio-8080-exec-3 DEBUG  c.e.j.s.mapper.UserMapper.selectOne ==>  Preparing: SELECT id,username,nickname,password,salt,email,submit,solved,avatar,status FROM sys_user WHERE username = ? 
2019-08-20 16:02:07.331 http-nio-8080-exec-3 DEBUG  c.e.j.s.mapper.UserMapper.selectOne ==> Parameters: admin(String)
2019-08-20 16:02:07.363 http-nio-8080-exec-3 DEBUG  c.e.j.s.mapper.UserMapper.selectOne <==      Total: 0
2019-08-20 16:02:14.913 http-nio-8080-exec-4 DEBUG  c.e.jmu.sqlonlinejudge.filter.JwtFilter token为空
2019-08-20 16:02:14.914 http-nio-8080-exec-4 DEBUG  c.e.j.s.c.c.UserModularRealmAuthenticator UserModularRealmAuthenticator----------->doAuthenticate
2019-08-20 16:02:14.914 http-nio-8080-exec-4 DEBUG  c.e.j.s.config.user.UserRealm UserRealm---------------->doGetAuthenticationInfo
2019-08-20 16:02:14.921 http-nio-8080-exec-4 DEBUG  c.e.j.s.mapper.UserMapper.selectOne ==>  Preparing: SELECT id,username,nickname,password,salt,email,submit,solved,avatar,status FROM sys_user WHERE username = ? 
2019-08-20 16:02:14.921 http-nio-8080-exec-4 DEBUG  c.e.j.s.mapper.UserMapper.selectOne ==> Parameters: 1(String)
2019-08-20 16:12:17.182 main DEBUG  c.e.j.s.SqlOnlineJudgeApplicationTests Running with Spring Boot v2.1.5.RELEASE, Spring v5.1.7.RELEASE
2019-08-20 16:12:22.573 main DEBUG  c.e.j.sqlonlinejudge.config.ShiroConfig ShiroConfig------------------>shiroFilter()
2019-08-20 16:12:25.719 main DEBUG  c.e.j.s.mapper.UserMapper.selectOne ==>  Preparing: SELECT id,username,nickname,password,salt,email,submit,solved,avatar,status FROM sys_user WHERE username = ? 
2019-08-20 16:12:25.835 main DEBUG  c.e.j.s.mapper.UserMapper.selectOne ==> Parameters: 1(String)
2019-08-20 16:12:25.929 main DEBUG  c.e.j.s.mapper.UserMapper.selectOne <==      Total: 1
2019-08-20 16:13:22.439 main DEBUG  c.e.j.s.SqlOnlineJudgeApplicationTests Running with Spring Boot v2.1.5.RELEASE, Spring v5.1.7.RELEASE
2019-08-20 16:13:29.121 main DEBUG  c.e.j.sqlonlinejudge.config.ShiroConfig ShiroConfig------------------>shiroFilter()
2019-08-20 16:13:32.117 main DEBUG  c.e.j.s.mapper.UserMapper.selectOne ==>  Preparing: SELECT id,username,nickname,password,salt,email,submit,solved,avatar,status FROM sys_user WHERE username = ? 
2019-08-20 16:13:32.160 main DEBUG  c.e.j.s.mapper.UserMapper.selectOne ==> Parameters: 1(String)
2019-08-20 16:13:32.198 main DEBUG  c.e.j.s.mapper.UserMapper.selectOne <==      Total: 1
2019-08-20 16:14:02.575 restartedMain DEBUG  c.e.j.s.SqlOnlineJudgeApplication Running with Spring Boot v2.1.5.RELEASE, Spring v5.1.7.RELEASE
2019-08-20 16:14:06.109 restartedMain DEBUG  c.e.j.sqlonlinejudge.config.ShiroConfig ShiroConfig------------------>shiroFilter()
2019-08-20 16:14:18.765 http-nio-8080-exec-2 DEBUG  c.e.jmu.sqlonlinejudge.filter.JwtFilter token为空
2019-08-20 16:14:18.803 http-nio-8080-exec-2 DEBUG  c.e.j.s.c.c.UserModularRealmAuthenticator UserModularRealmAuthenticator----------->doAuthenticate
2019-08-20 16:14:18.804 http-nio-8080-exec-2 DEBUG  c.e.j.s.config.user.UserRealm UserRealm---------------->doGetAuthenticationInfo
2019-08-20 16:14:18.899 http-nio-8080-exec-2 DEBUG  c.e.j.s.mapper.UserMapper.selectOne ==>  Preparing: SELECT id,username,nickname,password,salt,email,submit,solved,avatar,status FROM sys_user WHERE username = ? 
2019-08-20 16:14:18.928 http-nio-8080-exec-2 DEBUG  c.e.j.s.mapper.UserMapper.selectOne ==> Parameters: 1(String)
2019-08-20 16:16:15.614 restartedMain DEBUG  c.e.j.s.SqlOnlineJudgeApplication Running with Spring Boot v2.1.5.RELEASE, Spring v5.1.7.RELEASE
2019-08-20 16:16:17.139 restartedMain DEBUG  c.e.j.sqlonlinejudge.config.ShiroConfig ShiroConfig------------------>shiroFilter()
2019-08-20 16:16:47.441 restartedMain DEBUG  c.e.j.s.SqlOnlineJudgeApplication Running with Spring Boot v2.1.5.RELEASE, Spring v5.1.7.RELEASE
2019-08-20 16:16:50.876 restartedMain DEBUG  c.e.j.sqlonlinejudge.config.ShiroConfig ShiroConfig------------------>shiroFilter()
2019-08-20 16:16:58.147 http-nio-8080-exec-1 DEBUG  c.e.jmu.sqlonlinejudge.filter.JwtFilter token为空
2019-08-20 16:16:58.188 http-nio-8080-exec-1 DEBUG  c.e.j.s.c.c.UserModularRealmAuthenticator UserModularRealmAuthenticator----------->doAuthenticate
2019-08-20 16:16:58.189 http-nio-8080-exec-1 DEBUG  c.e.j.s.config.user.UserRealm UserRealm---------------->doGetAuthenticationInfo
2019-08-20 16:16:58.301 http-nio-8080-exec-1 DEBUG  c.e.j.s.mapper.UserMapper.selectOne ==>  Preparing: SELECT id,username,nickname,password,salt,email,submit,solved,avatar,status FROM sys_user WHERE username = ? 
2019-08-20 16:16:58.333 http-nio-8080-exec-1 DEBUG  c.e.j.s.mapper.UserMapper.selectOne ==> Parameters: 1(String)
2019-08-20 16:24:32.028 restartedMain DEBUG  c.e.j.s.SqlOnlineJudgeApplication Running with Spring Boot v2.1.5.RELEASE, Spring v5.1.7.RELEASE
2019-08-20 16:24:36.999 restartedMain DEBUG  c.e.j.s.SqlOnlineJudgeApplication Running with Spring Boot v2.1.5.RELEASE, Spring v5.1.7.RELEASE
2019-08-20 16:24:37.833 restartedMain DEBUG  c.e.j.sqlonlinejudge.config.ShiroConfig ShiroConfig------------------>shiroFilter()
2019-08-20 16:25:21.785 restartedMain DEBUG  c.e.j.s.SqlOnlineJudgeApplication Running with Spring Boot v2.1.5.RELEASE, Spring v5.1.7.RELEASE
2019-08-20 16:25:28.749 restartedMain DEBUG  c.e.j.s.SqlOnlineJudgeApplication Running with Spring Boot v2.1.5.RELEASE, Spring v5.1.7.RELEASE
2019-08-20 16:25:30.035 restartedMain DEBUG  c.e.j.sqlonlinejudge.config.ShiroConfig ShiroConfig------------------>shiroFilter()
2019-08-20 16:25:36.342 restartedMain DEBUG  c.e.j.s.SqlOnlineJudgeApplication Running with Spring Boot v2.1.5.RELEASE, Spring v5.1.7.RELEASE
2019-08-20 16:25:45.076 restartedMain DEBUG  c.e.j.s.SqlOnlineJudgeApplication Running with Spring Boot v2.1.5.RELEASE, Spring v5.1.7.RELEASE
2019-08-20 16:25:46.741 restartedMain DEBUG  c.e.j.sqlonlinejudge.config.ShiroConfig ShiroConfig------------------>shiroFilter()
2019-08-20 16:27:00.859 restartedMain DEBUG  c.e.j.s.SqlOnlineJudgeApplication Running with Spring Boot v2.1.5.RELEASE, Spring v5.1.7.RELEASE
2019-08-20 16:27:08.357 restartedMain DEBUG  c.e.j.s.SqlOnlineJudgeApplication Running with Spring Boot v2.1.5.RELEASE, Spring v5.1.7.RELEASE
2019-08-20 16:27:09.677 restartedMain DEBUG  c.e.j.sqlonlinejudge.config.ShiroConfig ShiroConfig------------------>shiroFilter()
2019-08-20 16:46:46.262 restartedMain DEBUG  c.e.j.s.SqlOnlineJudgeApplication Running with Spring Boot v2.1.5.RELEASE, Spring v5.1.7.RELEASE
2019-08-20 16:46:52.080 restartedMain DEBUG  c.e.j.sqlonlinejudge.config.ShiroConfig ShiroConfig------------------>shiroFilter()
2019-08-20 16:47:00.303 http-nio-8080-exec-1 DEBUG  c.e.jmu.sqlonlinejudge.filter.JwtFilter token为空
2019-08-20 16:47:00.337 http-nio-8080-exec-1 DEBUG  c.e.j.s.c.c.UserModularRealmAuthenticator UserModularRealmAuthenticator----------->doAuthenticate
2019-08-20 16:47:00.337 http-nio-8080-exec-1 DEBUG  c.e.j.s.config.user.UserRealm UserRealm---------------->doGetAuthenticationInfo
2019-08-20 16:47:00.443 http-nio-8080-exec-1 DEBUG  c.e.j.s.mapper.UserMapper.selectOne ==>  Preparing: SELECT id,username,nickname,password,salt,email,submit,solved,avatar,status FROM sys_user WHERE username = ? 
2019-08-20 16:47:00.468 http-nio-8080-exec-1 DEBUG  c.e.j.s.mapper.UserMapper.selectOne ==> Parameters: 1(String)
2019-08-20 16:52:18.995 restartedMain DEBUG  c.e.j.s.SqlOnlineJudgeApplication Running with Spring Boot v2.1.5.RELEASE, Spring v5.1.7.RELEASE
2019-08-20 16:52:24.974 restartedMain DEBUG  c.e.j.s.SqlOnlineJudgeApplication Running with Spring Boot v2.1.5.RELEASE, Spring v5.1.7.RELEASE
2019-08-20 16:52:26.155 restartedMain DEBUG  c.e.j.sqlonlinejudge.config.ShiroConfig ShiroConfig------------------>shiroFilter()
2019-08-20 16:53:05.407 restartedMain DEBUG  c.e.j.s.SqlOnlineJudgeApplication Running with Spring Boot v2.1.5.RELEASE, Spring v5.1.7.RELEASE
2019-08-20 16:53:06.740 restartedMain DEBUG  c.e.j.sqlonlinejudge.config.ShiroConfig ShiroConfig------------------>shiroFilter()
2019-08-20 16:54:29.144 main DEBUG  c.e.j.s.SqlOnlineJudgeApplicationTests Running with Spring Boot v2.1.5.RELEASE, Spring v5.1.7.RELEASE
2019-08-20 16:54:42.861 main DEBUG  c.e.j.sqlonlinejudge.config.ShiroConfig ShiroConfig------------------>shiroFilter()
2019-08-20 16:54:50.418 main DEBUG  c.e.j.s.mapper.UserMapper.selectOne ==>  Preparing: SELECT id,username,nickname,password,salt,email,submit,solved,avatar,status FROM sys_user WHERE username = ? 
2019-08-20 16:54:50.554 main DEBUG  c.e.j.s.mapper.UserMapper.selectOne ==> Parameters: 1(String)
2019-08-20 16:54:50.661 main DEBUG  c.e.j.s.mapper.UserMapper.selectOne <==      Total: 1
2019-08-20 17:04:05.809 main DEBUG  c.e.j.s.SqlOnlineJudgeApplicationTests Running with Spring Boot v2.1.5.RELEASE, Spring v5.1.7.RELEASE
2019-08-20 17:04:12.843 main DEBUG  c.e.j.sqlonlinejudge.config.ShiroConfig ShiroConfig------------------>shiroFilter()
2019-08-20 17:04:16.752 main DEBUG  c.e.j.s.mapper.UserMapper.selectOne ==>  Preparing: SELECT id,username,nickname,password,salt,email,submit,solved,avatar,status FROM sys_user WHERE username = ? 
2019-08-20 17:04:16.815 main DEBUG  c.e.j.s.mapper.UserMapper.selectOne ==> Parameters: 1(String)
2019-08-20 17:04:16.873 main DEBUG  c.e.j.s.mapper.UserMapper.selectOne <==      Total: 1
2019-08-20 17:04:29.283 restartedMain DEBUG  c.e.j.s.SqlOnlineJudgeApplication Running with Spring Boot v2.1.5.RELEASE, Spring v5.1.7.RELEASE
2019-08-20 17:04:32.424 restartedMain DEBUG  c.e.j.sqlonlinejudge.config.ShiroConfig ShiroConfig------------------>shiroFilter()
2019-08-20 17:05:06.310 http-nio-8080-exec-2 DEBUG  c.e.jmu.sqlonlinejudge.filter.JwtFilter token为空
2019-08-20 17:05:06.406 http-nio-8080-exec-2 DEBUG  c.e.j.s.c.c.UserModularRealmAuthenticator UserModularRealmAuthenticator----------->doAuthenticate
2019-08-20 17:05:06.407 http-nio-8080-exec-2 DEBUG  c.e.j.s.config.user.UserRealm UserRealm---------------->doGetAuthenticationInfo
2019-08-20 17:05:06.912 http-nio-8080-exec-2 DEBUG  c.e.j.s.mapper.UserMapper.selectOne ==>  Preparing: SELECT id,username,nickname,password,salt,email,submit,solved,avatar,status FROM sys_user WHERE username = ? 
2019-08-20 17:05:06.953 http-nio-8080-exec-2 DEBUG  c.e.j.s.mapper.UserMapper.selectOne ==> Parameters: 1(String)
2019-08-20 18:14:55.910 restartedMain DEBUG  c.e.j.s.SqlOnlineJudgeApplication Running with Spring Boot v2.1.5.RELEASE, Spring v5.1.7.RELEASE
2019-08-20 18:17:42.545 restartedMain DEBUG  c.e.j.s.SqlOnlineJudgeApplication Running with Spring Boot v2.1.5.RELEASE, Spring v5.1.7.RELEASE
2019-08-20 18:23:26.415 restartedMain DEBUG  c.e.j.s.SqlOnlineJudgeApplication Running with Spring Boot v2.1.5.RELEASE, Spring v5.1.7.RELEASE
2019-08-20 18:25:26.853 restartedMain DEBUG  c.e.j.s.SqlOnlineJudgeApplication Running with Spring Boot v2.1.5.RELEASE, Spring v5.1.7.RELEASE
2019-08-20 18:25:31.001 restartedMain DEBUG  c.e.j.sqlonlinejudge.config.ShiroConfig ShiroConfig------------------>shiroFilter()
2019-08-20 18:25:45.413 http-nio-8080-exec-2 DEBUG  c.e.jmu.sqlonlinejudge.filter.JwtFilter token为空
2019-08-20 18:25:45.451 http-nio-8080-exec-2 DEBUG  c.e.j.s.c.c.UserModularRealmAuthenticator UserModularRealmAuthenticator----------->doAuthenticate
2019-08-20 18:25:45.453 http-nio-8080-exec-2 DEBUG  c.e.j.s.config.user.UserRealm UserRealm---------------->doGetAuthenticationInfo
2019-08-20 18:25:45.559 http-nio-8080-exec-2 DEBUG  c.e.j.s.mapper.UserMapper.selectOne ==>  Preparing: SELECT id,username,nickname,password,salt,email,submit,solved,avatar,status FROM sys_user WHERE username = ? 
2019-08-20 18:25:45.601 http-nio-8080-exec-2 DEBUG  c.e.j.s.mapper.UserMapper.selectOne ==> Parameters: 1(String)
2019-08-20 18:25:45.648 http-nio-8080-exec-2 DEBUG  c.e.j.s.mapper.UserMapper.selectOne <==      Total: 1
2019-08-20 18:28:35.650 restartedMain DEBUG  c.e.j.s.SqlOnlineJudgeApplication Running with Spring Boot v2.1.5.RELEASE, Spring v5.1.7.RELEASE
2019-08-20 18:28:36.512 restartedMain DEBUG  c.e.j.sqlonlinejudge.config.ShiroConfig ShiroConfig------------------>shiroFilter()
2019-08-20 18:29:23.723 http-nio-8080-exec-5 DEBUG  c.e.jmu.sqlonlinejudge.filter.JwtFilter token为空
2019-08-20 18:29:23.727 http-nio-8080-exec-5 DEBUG  c.e.j.s.c.c.UserModularRealmAuthenticator UserModularRealmAuthenticator----------->doAuthenticate
2019-08-20 18:29:23.728 http-nio-8080-exec-5 DEBUG  c.e.j.s.config.user.UserRealm UserRealm---------------->doGetAuthenticationInfo
2019-08-20 18:29:23.736 http-nio-8080-exec-5 DEBUG  c.e.j.s.mapper.UserMapper.selectOne ==>  Preparing: SELECT id,username,nickname,password,salt,email,submit,solved,avatar,status FROM sys_user WHERE username = ? 
2019-08-20 18:29:23.738 http-nio-8080-exec-5 DEBUG  c.e.j.s.mapper.UserMapper.selectOne ==> Parameters: 1(String)
2019-08-20 18:29:23.746 http-nio-8080-exec-5 DEBUG  c.e.j.s.mapper.UserMapper.selectOne <==      Total: 1
2019-08-20 18:29:38.441 http-nio-8080-exec-4 DEBUG  c.e.jmu.sqlonlinejudge.filter.JwtFilter token为空
2019-08-20 18:29:38.445 http-nio-8080-exec-4 DEBUG  c.e.j.s.c.c.UserModularRealmAuthenticator UserModularRealmAuthenticator----------->doAuthenticate
2019-08-20 18:29:38.445 http-nio-8080-exec-4 DEBUG  c.e.j.s.config.user.UserRealm UserRealm---------------->doGetAuthenticationInfo
2019-08-20 18:29:38.452 http-nio-8080-exec-4 DEBUG  c.e.j.s.mapper.UserMapper.selectOne ==>  Preparing: SELECT id,username,nickname,password,salt,email,submit,solved,avatar,status FROM sys_user WHERE username = ? 
2019-08-20 18:29:38.453 http-nio-8080-exec-4 DEBUG  c.e.j.s.mapper.UserMapper.selectOne ==> Parameters: 1(String)
2019-08-20 18:29:38.458 http-nio-8080-exec-4 DEBUG  c.e.j.s.mapper.UserMapper.selectOne <==      Total: 1
2019-08-20 18:40:43.490 http-nio-8080-exec-8 DEBUG  c.e.jmu.sqlonlinejudge.filter.JwtFilter token为空
2019-08-20 18:40:49.765 restartedMain DEBUG  c.e.j.s.SqlOnlineJudgeApplication Running with Spring Boot v2.1.5.RELEASE, Spring v5.1.7.RELEASE
2019-08-20 18:40:57.011 restartedMain DEBUG  c.e.j.s.SqlOnlineJudgeApplication Running with Spring Boot v2.1.5.RELEASE, Spring v5.1.7.RELEASE
2019-08-20 18:40:57.497 restartedMain DEBUG  c.e.j.sqlonlinejudge.config.ShiroConfig ShiroConfig------------------>shiroFilter()
2019-08-20 19:05:15.337 restartedMain DEBUG  c.e.j.s.SqlOnlineJudgeApplication Running with Spring Boot v2.1.5.RELEASE, Spring v5.1.7.RELEASE
2019-08-20 19:08:06.891 restartedMain DEBUG  c.e.j.s.SqlOnlineJudgeApplication Running with Spring Boot v2.1.5.RELEASE, Spring v5.1.7.RELEASE
2019-08-20 19:09:39.942 restartedMain DEBUG  c.e.j.s.SqlOnlineJudgeApplication Running with Spring Boot v2.1.5.RELEASE, Spring v5.1.7.RELEASE
2019-08-20 19:13:17.538 restartedMain DEBUG  c.e.j.s.SqlOnlineJudgeApplication Running with Spring Boot v2.1.5.RELEASE, Spring v5.1.7.RELEASE
2019-08-20 19:13:19.100 restartedMain DEBUG  c.e.j.sqlonlinejudge.config.ShiroConfig ShiroConfig------------------>shiroFilter()
2019-08-20 19:13:59.305 restartedMain DEBUG  c.e.j.s.SqlOnlineJudgeApplication Running with Spring Boot v2.1.5.RELEASE, Spring v5.1.7.RELEASE
2019-08-20 19:14:01.082 restartedMain DEBUG  c.e.j.sqlonlinejudge.config.ShiroConfig ShiroConfig------------------>shiroFilter()
2019-08-20 19:14:11.093 http-nio-8080-exec-2 DEBUG  c.e.jmu.sqlonlinejudge.filter.JwtFilter 无效的token
2019-08-20 19:14:11.094 http-nio-8080-exec-2 DEBUG  c.e.jmu.sqlonlinejudge.filter.JwtFilter token为空
2019-08-20 19:14:19.445 http-nio-8080-exec-4 DEBUG  c.e.jmu.sqlonlinejudge.filter.JwtFilter 无效的token
2019-08-20 19:14:19.445 http-nio-8080-exec-4 DEBUG  c.e.jmu.sqlonlinejudge.filter.JwtFilter token为空
2019-08-20 19:14:40.426 http-nio-8080-exec-6 DEBUG  c.e.jmu.sqlonlinejudge.filter.JwtFilter 无效的token
2019-08-20 19:14:40.427 http-nio-8080-exec-6 DEBUG  c.e.jmu.sqlonlinejudge.filter.JwtFilter token为空
2019-08-20 19:16:19.537 restartedMain DEBUG  c.e.j.s.SqlOnlineJudgeApplication Running with Spring Boot v2.1.5.RELEASE, Spring v5.1.7.RELEASE
2019-08-20 19:16:20.401 restartedMain DEBUG  c.e.j.sqlonlinejudge.config.ShiroConfig ShiroConfig------------------>shiroFilter()
2019-08-20 19:16:28.594 restartedMain DEBUG  c.e.j.s.SqlOnlineJudgeApplication Running with Spring Boot v2.1.5.RELEASE, Spring v5.1.7.RELEASE
2019-08-20 19:16:31.097 restartedMain DEBUG  c.e.j.s.SqlOnlineJudgeApplication Running with Spring Boot v2.1.5.RELEASE, Spring v5.1.7.RELEASE
2019-08-20 19:16:32.631 restartedMain DEBUG  c.e.j.sqlonlinejudge.config.ShiroConfig ShiroConfig------------------>shiroFilter()
2019-08-20 19:16:44.657 http-nio-8080-exec-2 DEBUG  c.e.jmu.sqlonlinejudge.filter.JwtFilter 无效的token
2019-08-20 19:16:44.659 http-nio-8080-exec-2 DEBUG  c.e.jmu.sqlonlinejudge.filter.JwtFilter token为空
2019-08-20 19:16:44.665 http-nio-8080-exec-2 DEBUG  c.e.j.s.c.c.UserModularRealmAuthenticator UserModularRealmAuthenticator----------->doAuthenticate
2019-08-20 19:16:44.669 http-nio-8080-exec-2 DEBUG  c.e.j.s.config.admin.AdminRealm AdminRealm------------------->doGetAuthenticationInfo
2019-08-20 19:16:44.682 http-nio-8080-exec-2 DEBUG  c.e.j.s.mapper.AdminMapper.selectOne ==>  Preparing: SELECT id,username,name,password,salt FROM sys_admin WHERE username = ? 
2019-08-20 19:16:44.683 http-nio-8080-exec-2 DEBUG  c.e.j.s.mapper.AdminMapper.selectOne ==> Parameters: 1(String)
2019-08-20 19:16:44.687 http-nio-8080-exec-2 DEBUG  c.e.j.s.mapper.AdminMapper.selectOne <==      Total: 0
2019-08-20 19:16:54.965 http-nio-8080-exec-4 DEBUG  c.e.jmu.sqlonlinejudge.filter.JwtFilter 无效的token
2019-08-20 19:16:54.965 http-nio-8080-exec-4 DEBUG  c.e.jmu.sqlonlinejudge.filter.JwtFilter token为空
2019-08-20 19:16:54.967 http-nio-8080-exec-4 DEBUG  c.e.j.s.c.c.UserModularRealmAuthenticator UserModularRealmAuthenticator----------->doAuthenticate
2019-08-20 19:16:54.967 http-nio-8080-exec-4 DEBUG  c.e.j.s.config.user.UserRealm UserRealm---------------->doGetAuthenticationInfo
2019-08-20 19:16:54.971 http-nio-8080-exec-4 DEBUG  c.e.j.s.mapper.UserMapper.selectOne ==>  Preparing: SELECT id,username,nickname,password,salt,email,submit,solved,avatar,status FROM sys_user WHERE username = ? 
2019-08-20 19:16:54.972 http-nio-8080-exec-4 DEBUG  c.e.j.s.mapper.UserMapper.selectOne ==> Parameters: 1(String)
2019-08-20 19:16:54.977 http-nio-8080-exec-4 DEBUG  c.e.j.s.mapper.UserMapper.selectOne <==      Total: 1
2019-08-20 19:17:06.595 http-nio-8080-exec-5 DEBUG  c.e.jmu.sqlonlinejudge.filter.JwtFilter 无效的token
2019-08-20 19:17:06.595 http-nio-8080-exec-5 DEBUG  c.e.jmu.sqlonlinejudge.filter.JwtFilter token为空
2019-08-20 19:17:28.004 http-nio-8080-exec-3 DEBUG  c.e.jmu.sqlonlinejudge.filter.JwtFilter 获取token为:eyJhbGciOiJIUzUxMiJ9.eyJzdWIiOiIxIiwiZXhwIjoxNTY2MzcxODE0LCJpYXQiOjE1NjYyOTk4MTR9.F0FKoKcRDBSkky2DQzEn1RFC2MR8jhTo44nBGjiHdg2Kpt5vATzOKGuCBEIr_UwbxhDfI7L3R72eBOkevbCfHA
2019-08-20 19:17:37.921 http-nio-8080-exec-6 DEBUG  c.e.jmu.sqlonlinejudge.filter.JwtFilter 获取token为:eyJhbGciOiJIUzUxMiJ9.eyJzdWIiOiIxIiwiZXhwIjoxNTY2MzcxODE0LCJpYXQiOjE1NjYyOTk4MTR9.F0FKoKcRDBSkky2DQzEn1RFC2MR8jhTo44nBGjiHdg2Kpt5vATzOKGuCBEIr_UwbxhDfI7L3R72eBOkevbCfHA
2019-08-20 19:18:23.622 http-nio-8080-exec-7 DEBUG  c.e.jmu.sqlonlinejudge.filter.JwtFilter 获取token为:eyJhbGciOiJIUzUxMiJ9.eyJzdWIiOiIxIiwiZXhwIjoxNTY2MzcxODE0LCJpYXQiOjE1NjYyOTk4MTR9.F0FKoKcRDBSkky2DQzEn1RFC2MR8jhTo44nBGjiHdg2Kpt5vATzOKGuCBEIr_UwbxhDfI7L3R72eBOkevbCfHA
2019-08-20 19:18:45.658 http-nio-8080-exec-8 DEBUG  c.e.jmu.sqlonlinejudge.filter.JwtFilter 获取token为:eyJhbGciOiJIUzUxMiJ9.eyJzdWIiOiIxIiwiZXhwIjoxNTY2MzcxODE0LCJpYXQiOjE1NjYyOTk4MTR9.F0FKoKcRDBSkky2DQzEn1RFC2MR8jhTo44nBGjiHdg2Kpt5vATzOKGuCBEIr_UwbxhDfI7L3R72eBOkevbCfHA
2019-08-20 19:18:45.770 http-nio-8080-exec-8 DEBUG  c.e.j.s.mapper.UserMapper.selectPage ==>  Preparing: SELECT COUNT(1) FROM ( SELECT id,username,nickname,password,salt,email,submit,solved,avatar,status FROM sys_user ) TOTAL 
2019-08-20 19:18:45.771 http-nio-8080-exec-8 DEBUG  c.e.j.s.mapper.UserMapper.selectPage ==> Parameters: 
2019-08-20 19:18:45.796 http-nio-8080-exec-8 DEBUG  c.e.j.s.mapper.UserMapper.selectPage ==>  Preparing: SELECT id,username,nickname,password,salt,email,submit,solved,avatar,status FROM sys_user LIMIT ?,? 
2019-08-20 19:18:45.831 http-nio-8080-exec-8 DEBUG  c.e.j.s.mapper.UserMapper.selectPage ==> Parameters: 0(Long), 10(Long)
2019-08-20 19:18:45.834 http-nio-8080-exec-8 DEBUG  c.e.j.s.mapper.UserMapper.selectPage <==      Total: 2
2019-08-20 19:20:41.777 restartedMain DEBUG  c.e.j.s.SqlOnlineJudgeApplication Running with Spring Boot v2.1.5.RELEASE, Spring v5.1.7.RELEASE
2019-08-20 19:20:42.487 restartedMain DEBUG  c.e.j.sqlonlinejudge.config.ShiroConfig ShiroConfig------------------>shiroFilter()
2019-08-20 19:21:03.965 http-nio-8080-exec-1 DEBUG  c.e.jmu.sqlonlinejudge.filter.JwtFilter 获取token为:eyJhbGciOiJIUzUxMiJ9.eyJzdWIiOiIxIiwiZXhwIjoxNTY2MzcxODE0LCJpYXQiOjE1NjYyOTk4MTR9.F0FKoKcRDBSkky2DQzEn1RFC2MR8jhTo44nBGjiHdg2Kpt5vATzOKGuCBEIr_UwbxhDfI7L3R72eBOkevbCfHA
2019-08-20 19:21:25.917 http-nio-8080-exec-4 DEBUG  c.e.jmu.sqlonlinejudge.filter.JwtFilter 获取token为:eyJhbGciOiJIUzUxMiJ9.eyJzdWIiOiIxIiwiZXhwIjoxNTY2MzcxODE0LCJpYXQiOjE1NjYyOTk4MTR9.F0FKoKcRDBSkky2DQzEn1RFC2MR8jhTo44nBGjiHdg2Kpt5vATzOKGuCBEIr_UwbxhDfI7L3R72eBOkevbCfHA
2019-08-20 19:22:05.434 http-nio-8080-exec-5 DEBUG  c.e.jmu.sqlonlinejudge.filter.JwtFilter 获取token为:eyJhbGciOiJIUzUxMiJ9.eyJzdWIiOiIxIiwiZXhwIjoxNTY2MzcxODE0LCJpYXQiOjE1NjYyOTk4MTR9.F0FKoKcRDBSkky2DQzEn1RFC2MR8jhTo44nBGjiHdg2Kpt5vATzOKGuCBEIr_UwbxhDfI7L3R72eBOkevbCfHA
2019-08-20 19:22:53.939 restartedMain DEBUG  c.e.j.s.SqlOnlineJudgeApplication Running with Spring Boot v2.1.5.RELEASE, Spring v5.1.7.RELEASE
2019-08-20 19:22:54.660 restartedMain DEBUG  c.e.j.sqlonlinejudge.config.ShiroConfig ShiroConfig------------------>shiroFilter()
2019-08-20 19:22:57.638 http-nio-8080-exec-1 DEBUG  c.e.jmu.sqlonlinejudge.filter.JwtFilter 获取token为:eyJhbGciOiJIUzUxMiJ9.eyJzdWIiOiIxIiwiZXhwIjoxNTY2MzcxODE0LCJpYXQiOjE1NjYyOTk4MTR9.F0FKoKcRDBSkky2DQzEn1RFC2MR8jhTo44nBGjiHdg2Kpt5vATzOKGuCBEIr_UwbxhDfI7L3R72eBOkevbCfHA
2019-08-20 19:23:05.381 http-nio-8080-exec-3 DEBUG  c.e.jmu.sqlonlinejudge.filter.JwtFilter 获取token为:eyJhbGciOiJIUzUxMiJ9.eyJzdWIiOiIxIiwiZXhwIjoxNTY2MzcxODE0LCJpYXQiOjE1NjYyOTk4MTR9.F0FKoKcRDBSkky2DQzEn1RFC2MR8jhTo44nBGjiHdg2Kpt5vATzOKGuCBEIr_UwbxhDfI7L3R72eBOkevbCfHA
2019-08-20 19:23:58.077 http-nio-8080-exec-4 DEBUG  c.e.jmu.sqlonlinejudge.filter.JwtFilter 获取token为:eyJhbGciOiJIUzUxMiJ9.eyJzdWIiOiIxIiwiZXhwIjoxNTY2MzcxODE0LCJpYXQiOjE1NjYyOTk4MTR9.F0FKoKcRDBSkky2DQzEn1RFC2MR8jhTo44nBGjiHdg2Kpt5vATzOKGuCBEIr_UwbxhDfI7L3R72eBOkevbCfHA
2019-08-20 19:24:21.183 http-nio-8080-exec-5 DEBUG  c.e.jmu.sqlonlinejudge.filter.JwtFilter 获取token为:eyJhbGciOiJIUzUxMiJ9.eyJzdWIiOiIxIiwiZXhwIjoxNTY2MzcxODE0LCJpYXQiOjE1NjYyOTk4MTR9.F0FKoKcRDBSkky2DQzEn1RFC2MR8jhTo44nBGjiHdg2Kpt5vATzOKGuCBEIr_UwbxhDfI7bCfHA
2019-08-20 19:37:47.638 http-nio-8080-exec-7 DEBUG  c.e.jmu.sqlonlinejudge.filter.JwtFilter 获取token为:eyJhbGciOiJIUzUxMiJ9.eyJzdWIiOiIxIiwiZXhwIjoxNTY2MzcxODE0LCJpYXQiOjE1NjYyOTk4MTR9.F0FKoKcRDBSkky2DQzEn1RFC2MR8jhTo44nBGjiHdg2Kpt5vATzOKGuCBEIr_UwbxhDfI7bCfHA
2019-08-20 19:37:52.995 restartedMain DEBUG  c.e.j.s.SqlOnlineJudgeApplication Running with Spring Boot v2.1.5.RELEASE, Spring v5.1.7.RELEASE
2019-08-20 19:37:57.195 restartedMain DEBUG  c.e.j.s.SqlOnlineJudgeApplication Running with Spring Boot v2.1.5.RELEASE, Spring v5.1.7.RELEASE
2019-08-20 19:37:59.531 restartedMain DEBUG  c.e.j.sqlonlinejudge.config.ShiroConfig ShiroConfig------------------>shiroFilter()
2019-08-20 19:38:08.315 http-nio-8080-exec-2 DEBUG  c.e.jmu.sqlonlinejudge.filter.JwtFilter 获取token为:eyJhbGciOiJIUzUxMiJ9.eyJzdWIiOiIxIiwiZXhwIjoxNTY2MzcxODE0LCJpYXQiOjE1NjYyOTk4MTR9.F0FKoKcRDBSkky2DQzEn1RFC2MR8jhTo44nBGjiHdg2Kpt5vATzOKGuCBEIr_UwbxhDfI7bCfHA
2019-08-20 19:46:57.941 restartedMain DEBUG  c.e.j.s.SqlOnlineJudgeApplication Running with Spring Boot v2.1.5.RELEASE, Spring v5.1.7.RELEASE
2019-08-20 19:46:59.446 restartedMain DEBUG  c.e.j.s.SqlOnlineJudgeApplication Running with Spring Boot v2.1.5.RELEASE, Spring v5.1.7.RELEASE
2019-08-20 19:47:00.118 restartedMain DEBUG  c.e.j.sqlonlinejudge.config.ShiroConfig ShiroConfig------------------>shiroFilter()
2019-08-20 19:47:13.134 http-nio-8080-exec-2 DEBUG  c.e.jmu.sqlonlinejudge.filter.JwtFilter 获取token为:eyJhbGciOiJIUzUxMiJ9.eyJzdWIiOiIxIiwiZXhwIjoxNTY2MzcxODE0LCJpYXQiOjE1NjYyOTk4MTR9.F0FKoKcRDBSkky2DQzEn1RFC2MR8jhTo44nBGjiHdg2Kpt5vATzOKGuCBEIr_UwbxhDfI7bCfHA
2019-08-20 19:47:13.138 http-nio-8080-exec-2 DEBUG  c.e.jmu.sqlonlinejudge.filter.JwtFilter 无效toke
2019-08-20 19:47:21.126 http-nio-8080-exec-4 DEBUG  c.e.jmu.sqlonlinejudge.filter.JwtFilter 获取token为:eyJhbGciOiJIUzUxMiJ9.eyJzdWIiOiIxIiwiZXhwIjoxNTY2MzcxODE0LCJpYXQiOjE1NjYyOTk4MTR9.F0FKoKcRDBSkky2DQzEn1RFC2MR8jhTo44nBGjiHdg2Kpt5vATzOKGuCBEIr_UwbxhDfI7bCfHA
2019-08-20 19:47:21.132 http-nio-8080-exec-4 DEBUG  c.e.jmu.sqlonlinejudge.filter.JwtFilter 无效toke
2019-08-20 19:47:37.911 http-nio-8080-exec-6 DEBUG  c.e.j.s.c.c.UserModularRealmAuthenticator UserModularRealmAuthenticator----------->doAuthenticate
2019-08-20 19:47:37.914 http-nio-8080-exec-6 DEBUG  c.e.j.s.config.user.UserRealm UserRealm---------------->doGetAuthenticationInfo
2019-08-20 19:47:37.929 http-nio-8080-exec-6 DEBUG  c.e.j.s.mapper.UserMapper.selectOne ==>  Preparing: SELECT id,username,nickname,password,salt,email,submit,solved,avatar,status FROM sys_user WHERE username = ? 
2019-08-20 19:47:37.929 http-nio-8080-exec-6 DEBUG  c.e.j.s.mapper.UserMapper.selectOne ==> Parameters: 1(String)
2019-08-20 19:47:37.935 http-nio-8080-exec-6 DEBUG  c.e.j.s.mapper.UserMapper.selectOne <==      Total: 1
2019-08-20 19:47:56.033 http-nio-8080-exec-7 DEBUG  c.e.jmu.sqlonlinejudge.filter.JwtFilter 获取token为:eyJhbGciOiJIUzUxMiJ9.eyJzdWIiOiIxIiwiZXhwIjoxNTY2MzczNjU3LCJpYXQiOjE1NjYzMDE2NTd9.x__FrPFQ5AL77Qsr9SM8ygKvAeiHLG27esdKa_WcLJ3eGHucgm3aBXdyUoL57YyoUl4JJo9a3U2NpXBTU-N2Ag
2019-08-20 19:47:56.043 http-nio-8080-exec-7 DEBUG  c.e.j.s.mapper.UserMapper.selectPage ==>  Preparing: SELECT COUNT(1) FROM ( SELECT id,username,nickname,password,salt,email,submit,solved,avatar,status FROM sys_user ) TOTAL 
2019-08-20 19:47:56.043 http-nio-8080-exec-7 DEBUG  c.e.j.s.mapper.UserMapper.selectPage ==> Parameters: 
2019-08-20 19:47:56.071 http-nio-8080-exec-7 DEBUG  c.e.j.s.mapper.UserMapper.selectPage ==>  Preparing: SELECT id,username,nickname,password,salt,email,submit,solved,avatar,status FROM sys_user LIMIT ?,? 
2019-08-20 19:47:56.071 http-nio-8080-exec-7 DEBUG  c.e.j.s.mapper.UserMapper.selectPage ==> Parameters: 0(Long), 10(Long)
2019-08-20 19:47:56.081 http-nio-8080-exec-7 DEBUG  c.e.j.s.mapper.UserMapper.selectPage <==      Total: 2
2019-08-20 19:48:23.452 http-nio-8080-exec-8 DEBUG  c.e.jmu.sqlonlinejudge.filter.JwtFilter 获取token为:eyJhbGciOiJIUzUxMiJ9.eyJzdWIiOiIxIiwiZXhwIjoxNTY2MzczNjU3LCJpYXQiOjE1NjYzMDE2NTd9.x__FrPFQ5AL77Qsr9SM8ygKvAeiHLG27esdKa_WcLJ3eGHucgm3aBXdyUoL57YyoUl4JJo9a3U2NpTU-N2Ag
2019-08-20 19:48:23.454 http-nio-8080-exec-8 DEBUG  c.e.jmu.sqlonlinejudge.filter.JwtFilter 无效toke
2019-08-20 19:49:36.169 http-nio-8080-exec-10 DEBUG  c.e.jmu.sqlonlinejudge.filter.JwtFilter 获取token为:eyJhbGciOiJIUzUxMiJ9.eyJzdWIiOiIxIiwiZXhwIjoxNTY2MzczNjU3LCJpYXQiOjE1NjYzMDE2NTd9.x__FrPFQ5AL77Qsr9SM8ygKvAeiHLG27esdKa_WcLJ3eGHucgm3aBXdyUoL57YyoUl4JJo9a3U2NpXBTU-N2Ag
2019-08-20 19:49:36.189 http-nio-8080-exec-10 DEBUG  c.e.j.s.mapper.UserMapper.selectPage ==>  Preparing: SELECT COUNT(1) FROM ( SELECT id,username,nickname,password,salt,email,submit,solved,avatar,status FROM sys_user ) TOTAL 
2019-08-20 19:49:36.189 http-nio-8080-exec-10 DEBUG  c.e.j.s.mapper.UserMapper.selectPage ==> Parameters: 
2019-08-20 19:49:36.212 http-nio-8080-exec-10 DEBUG  c.e.j.s.mapper.UserMapper.selectPage ==>  Preparing: SELECT id,username,nickname,password,salt,email,submit,solved,avatar,status FROM sys_user LIMIT ?,? 
2019-08-20 19:49:36.213 http-nio-8080-exec-10 DEBUG  c.e.j.s.mapper.UserMapper.selectPage ==> Parameters: 0(Long), 10(Long)
2019-08-20 19:49:36.216 http-nio-8080-exec-10 DEBUG  c.e.j.s.mapper.UserMapper.selectPage <==      Total: 2
